Using pre-set license
Built from '2020.2/staging' branch; Version is '2020.2.5f1 (e2c53f129de5) revision 14861631'; Using compiler version '192528614'; Build Type 'Release'
OS: 'Windows 10 Pro; OS build 19041.630; Version 2004; 64bit' Language: 'pl' Physical Memory: 20414 MB
BatchMode: 1, IsHumanControllingUs: 0, StartBugReporterOnCrash: 0, Is64bit: 1, IsPro: 0

 COMMAND LINE ARGUMENTS:
C:\Program Files\Unity\Hub\Editor\2020.2.5f1\Editor\Unity.exe
-adb2
-batchMode
-noUpm
-name
AssetImportWorker0
-projectPath
D:/Dokumenty/Unity Projects/Space Invaders
-logFile
Logs/AssetImportWorker0.log
-srvPort
50242
Successfully changed project path to: D:/Dokumenty/Unity Projects/Space Invaders
D:/Dokumenty/Unity Projects/Space Invaders
Using Asset Import Pipeline V2.
Refreshing native plugins compatible for Editor in 40.35 ms, found 1 plugins.
Preloading 0 native plugins for Editor in 0.00 ms.
Initialize engine version: 2020.2.5f1 (e2c53f129de5)
[Subsystems] Discovering subsystems at path C:/Program Files/Unity/Hub/Editor/2020.2.5f1/Editor/Data/Resources/UnitySubsystems
[Subsystems] Discovering subsystems at path D:/Dokumenty/Unity Projects/Space Invaders/Assets
GfxDevice: creating device client; threaded=0
Direct3D:
    Version:  Direct3D 11.0 [level 11.1]
    Renderer: NVIDIA GeForce RTX 2070 SUPER (ID=0x1e84)
    Vendor:   
    VRAM:     8011 MB
    Driver:   27.21.14.6089
Initialize mono
Mono path[0] = 'C:/Program Files/Unity/Hub/Editor/2020.2.5f1/Editor/Data/Managed'
Mono path[1] = 'C:/Program Files/Unity/Hub/Editor/2020.2.5f1/Editor/Data/MonoBleedingEdge/lib/mono/unityjit'
Mono config path = 'C:/Program Files/Unity/Hub/Editor/2020.2.5f1/Editor/Data/MonoBleedingEdge/etc'
Using monoOptions --debugger-agent=transport=dt_socket,embedding=1,server=y,suspend=n,address=127.0.0.1:56244
Begin MonoManager ReloadAssembly
Registering precompiled unity dll's ...
Register platform support module: C:/Program Files/Unity/Hub/Editor/2020.2.5f1/Editor/Data/PlaybackEngines/WindowsStandaloneSupport/UnityEditor.WindowsStandalone.Extensions.dll
Registered in 0.001774 seconds.
Native extension for WindowsStandalone target not found
Refreshing native plugins compatible for Editor in 41.15 ms, found 1 plugins.
Preloading 0 native plugins for Editor in 0.00 ms.
Invoked RoslynAnalysisRunner static constructor.
RoslynAnalysisRunner will not be running.
RoslynAnalysisRunner has terminated.
Mono: successfully reloaded assembly
- Completed reload, in  2.040 seconds
Platform modules already initialized, skipping
Registering precompiled user dll's ...
Registered in 0.000736 seconds.
Begin MonoManager ReloadAssembly
Native extension for WindowsStandalone target not found
Refreshing native plugins compatible for Editor in 40.04 ms, found 1 plugins.
Preloading 0 native plugins for Editor in 0.00 ms.
Invoked RoslynAnalysisRunner static constructor.
RoslynAnalysisRunner will not be running.
RoslynAnalysisRunner has terminated.
Mono: successfully reloaded assembly
- Completed reload, in  1.011 seconds
Platform modules already initialized, skipping
========================================================================
Worker process is ready to serve import requests
Launched and connected shader compiler UnityShaderCompiler.exe after 0.04 seconds
Refreshing native plugins compatible for Editor in 0.50 ms, found 1 plugins.
Preloading 0 native plugins for Editor in 0.00 ms.
Unloading 1896 Unused Serialized files (Serialized files now loaded: 0)
System memory in use before: 88.7 MB.
System memory in use after: 88.8 MB.

Unloading 32 unused Assets to reduce memory usage. Loaded Objects now: 2330.
Total: 3.077100 ms (FindLiveObjects: 0.327600 ms CreateObjectMapping: 0.307000 ms MarkObjects: 2.338400 ms  DeleteObjects: 0.103300 ms)

========================================================================
Received Import Request.
  path: Packages/com.unity.ugui/Editor/UnityEditor.UI.asmdef
  artifactKey: Guid(343deaaf83e0cee4ca978e7df0b80d21) Importer(815301076,1909f56bfc062723c751e8b465ee728b)
Start importing Packages/com.unity.ugui/Editor/UnityEditor.UI.asmdef using Guid(343deaaf83e0cee4ca978e7df0b80d21) Importer(815301076,1909f56bfc062723c751e8b465ee728b)  -> (artifact id: '910b64df27d957b5ccbceacb6760d332') in 0.032170 seconds
  Import took 0.035927 seconds .

========================================================================
Received Import Request.
  Time since last request: 0.000312 seconds.
  path: Packages/com.unity.ugui
  artifactKey: Guid(8f7652e09069a1943278893d4264401e) Importer(815301076,1909f56bfc062723c751e8b465ee728b)
Start importing Packages/com.unity.ugui using Guid(8f7652e09069a1943278893d4264401e) Importer(815301076,1909f56bfc062723c751e8b465ee728b)  -> (artifact id: 'ddf44668e7b87b2a4c5bd9c9d756f89e') in 0.006552 seconds
  Import took 0.010960 seconds .

========================================================================
Received Import Request.
  Time since last request: 0.000211 seconds.
  path: Packages/com.unity.ugui/Editor
  artifactKey: Guid(bee384ad5b4d1a843a018082e7db53cd) Importer(815301076,1909f56bfc062723c751e8b465ee728b)
Start importing Packages/com.unity.ugui/Editor using Guid(bee384ad5b4d1a843a018082e7db53cd) Importer(815301076,1909f56bfc062723c751e8b465ee728b)  -> (artifact id: 'e7b40bb113fe09904e15ba0e420c51c1') in 0.007371 seconds
  Import took 0.011766 seconds .

========================================================================
Received Import Request.
  Time since last request: 0.000227 seconds.
  path: Packages/com.unity.ugui/package.json
  artifactKey: Guid(319b8889f363f5947acf209c17a94149) Importer(815301076,1909f56bfc062723c751e8b465ee728b)
Start importing Packages/com.unity.ugui/package.json using Guid(319b8889f363f5947acf209c17a94149) Importer(815301076,1909f56bfc062723c751e8b465ee728b)  -> (artifact id: '16e8745fe0b48b283ca6325cfd56bfbd') in 0.025024 seconds
  Import took 0.028336 seconds .

========================================================================
Received Import Request.
  Time since last request: 0.218822 seconds.
  path: Packages/com.unity.ugui/Editor/UI
  artifactKey: Guid(853edc343b78a7c4c81cbb3851d48c0a) Importer(815301076,1909f56bfc062723c751e8b465ee728b)
Start importing Packages/com.unity.ugui/Editor/UI using Guid(853edc343b78a7c4c81cbb3851d48c0a) Importer(815301076,1909f56bfc062723c751e8b465ee728b)  -> (artifact id: 'b3a997f58957ac87a9d3c5c6e20a78a4') in 0.007398 seconds
  Import took 0.011031 seconds .

========================================================================
Received Import Request.
  Time since last request: 2.542697 seconds.
  path: Packages/com.unity.ugui/Editor/UI/AspectRatioFitterEditor.cs
  artifactKey: Guid(b5f70efd2f7b286498ca6c00adbb4a13) Importer(815301076,1909f56bfc062723c751e8b465ee728b)
Start importing Packages/com.unity.ugui/Editor/UI/AspectRatioFitterEditor.cs using Guid(b5f70efd2f7b286498ca6c00adbb4a13) Importer(815301076,1909f56bfc062723c751e8b465ee728b)  -> (artifact id: '98021a39b73f71e7ace27bd35b474afd') in 0.009506 seconds
  Import took 0.013008 seconds .

========================================================================
Received Import Request.
  Time since last request: 0.001750 seconds.
  path: Packages/com.unity.ugui/Editor/UI/AspectRatioFitterEditor.cs
  artifactKey: Guid(b5f70efd2f7b286498ca6c00adbb4a13) Importer(815301076,1909f56bfc062723c751e8b465ee728b)
Start importing Packages/com.unity.ugui/Editor/UI/AspectRatioFitterEditor.cs using Guid(b5f70efd2f7b286498ca6c00adbb4a13) Importer(815301076,1909f56bfc062723c751e8b465ee728b)  -> (artifact id: '98021a39b73f71e7ace27bd35b474afd') in 0.002407 seconds
  Import took 0.005830 seconds .

========================================================================
Received Import Request.
  Time since last request: 25.884162 seconds.
  path: Packages/com.unity.2d.sprite/package.json
  artifactKey: Guid(7dc5f1e5d04ac8549ac21802071e983b) Importer(815301076,1909f56bfc062723c751e8b465ee728b)
Start importing Packages/com.unity.2d.sprite/package.json using Guid(7dc5f1e5d04ac8549ac21802071e983b) Importer(815301076,1909f56bfc062723c751e8b465ee728b)  -> (artifact id: '10c07843618dc783c76b28d68ec63027') in 0.013973 seconds
  Import took 0.018297 seconds .

========================================================================
Received Import Request.
  Time since last request: 2.200226 seconds.
  path: Packages/com.unity.2d.sprite/Editor
  artifactKey: Guid(16fa2ad734f422245b86558310973ad1) Importer(815301076,1909f56bfc062723c751e8b465ee728b)
Start importing Packages/com.unity.2d.sprite/Editor using Guid(16fa2ad734f422245b86558310973ad1) Importer(815301076,1909f56bfc062723c751e8b465ee728b)  -> (artifact id: '3f14f03c70a6822406cf90768f8cd843') in 0.002678 seconds
  Import took 0.006367 seconds .

========================================================================
Received Import Request.
  Time since last request: 0.000645 seconds.
  path: Packages/com.unity.2d.sprite/Editor
  artifactKey: Guid(16fa2ad734f422245b86558310973ad1) Importer(815301076,1909f56bfc062723c751e8b465ee728b)
Start importing Packages/com.unity.2d.sprite/Editor using Guid(16fa2ad734f422245b86558310973ad1) Importer(815301076,1909f56bfc062723c751e8b465ee728b)  -> (artifact id: '3f14f03c70a6822406cf90768f8cd843') in 0.002308 seconds
  Import took 0.005998 seconds .

========================================================================
Received Import Request.
  Time since last request: 0.061678 seconds.
  path: Packages/com.unity.2d.sprite/Editor/Unity.2D.Sprite.Editor.asmdef
  artifactKey: Guid(2c573e6b271651846a79655161004c5b) Importer(815301076,1909f56bfc062723c751e8b465ee728b)
Start importing Packages/com.unity.2d.sprite/Editor/Unity.2D.Sprite.Editor.asmdef using Guid(2c573e6b271651846a79655161004c5b) Importer(815301076,1909f56bfc062723c751e8b465ee728b)  -> (artifact id: 'fb809984a1ec0b4be0b08003685d0212') in 0.005991 seconds
  Import took 0.009231 seconds .

========================================================================
Received Import Request.
  Time since last request: 4.754854 seconds.
  path: Packages/com.unity.2d.sprite/Editor/SpriteEditorModule
  artifactKey: Guid(ab4bbc8deeeb005438fa5034a454be7b) Importer(815301076,1909f56bfc062723c751e8b465ee728b)
Start importing Packages/com.unity.2d.sprite/Editor/SpriteEditorModule using Guid(ab4bbc8deeeb005438fa5034a454be7b) Importer(815301076,1909f56bfc062723c751e8b465ee728b)  -> (artifact id: '0efc5fa498229d04ff2f43bd1b4375d0') in 0.010494 seconds
  Import took 0.013834 seconds .

========================================================================
Received Import Request.
  Time since last request: 1.211922 seconds.
  path: Packages/com.unity.2d.sprite/Editor/SpriteEditor
  artifactKey: Guid(d32377b23cb0c8b46a545d7014fff425) Importer(815301076,1909f56bfc062723c751e8b465ee728b)
Start importing Packages/com.unity.2d.sprite/Editor/SpriteEditor using Guid(d32377b23cb0c8b46a545d7014fff425) Importer(815301076,1909f56bfc062723c751e8b465ee728b)  -> (artifact id: '17e5e3d9d0bb27f8ad2489bb0ae75e70') in 0.009072 seconds
  Import took 0.012231 seconds .

========================================================================
Received Import Request.
  Time since last request: 0.603221 seconds.
  path: Packages/com.unity.2d.sprite/Editor/SpriteEditor/SpriteRect.cs
  artifactKey: Guid(cd09d9cb85d9d904dba1ade9bded16de) Importer(815301076,1909f56bfc062723c751e8b465ee728b)
Start importing Packages/com.unity.2d.sprite/Editor/SpriteEditor/SpriteRect.cs using Guid(cd09d9cb85d9d904dba1ade9bded16de) Importer(815301076,1909f56bfc062723c751e8b465ee728b)  -> (artifact id: 'c2c24533993730ee8412929ad4ec2ec4') in 0.006803 seconds
  Import took 0.010179 seconds .

========================================================================
Received Import Request.
  Time since last request: 0.001285 seconds.
  path: Packages/com.unity.2d.sprite/Editor/SpriteEditor/SpriteRect.cs
  artifactKey: Guid(cd09d9cb85d9d904dba1ade9bded16de) Importer(815301076,1909f56bfc062723c751e8b465ee728b)
Start importing Packages/com.unity.2d.sprite/Editor/SpriteEditor/SpriteRect.cs using Guid(cd09d9cb85d9d904dba1ade9bded16de) Importer(815301076,1909f56bfc062723c751e8b465ee728b)  -> (artifact id: 'c2c24533993730ee8412929ad4ec2ec4') in 0.002450 seconds
  Import took 0.005781 seconds .

========================================================================
Received Import Request.
  Time since last request: 75.549607 seconds.
  path: Assets/Prefabs/Bolt.prefab
  artifactKey: Guid(0bb48533232a0c8418dddaa14d487153) Importer(815301076,1909f56bfc062723c751e8b465ee728b)
Start importing Assets/Prefabs/Bolt.prefab using Guid(0bb48533232a0c8418dddaa14d487153) Importer(815301076,1909f56bfc062723c751e8b465ee728b)  -> (artifact id: '1bc49832f61bf5a33b7028043cc518ba') in 0.083609 seconds
  Import took 0.087312 seconds .

========================================================================
Received Import Request.
  Time since last request: 0.000230 seconds.
  path: Assets/Prefabs/Normal Enemy.prefab
  artifactKey: Guid(e47eac4f102c76f49a27cc5f5144edd1) Importer(815301076,1909f56bfc062723c751e8b465ee728b)
Start importing Assets/Prefabs/Normal Enemy.prefab using Guid(e47eac4f102c76f49a27cc5f5144edd1) Importer(815301076,1909f56bfc062723c751e8b465ee728b)  -> (artifact id: '57a9791dd4c0945caababe42c94de987') in 0.020002 seconds
  Import took 0.023635 seconds .

========================================================================
Received Import Request.
  Time since last request: 0.000240 seconds.
  path: Assets/Prefabs/EnemyBolt.prefab
  artifactKey: Guid(b0bc9d78c9e08c94d8733a86e4756f4e) Importer(815301076,1909f56bfc062723c751e8b465ee728b)
Start importing Assets/Prefabs/EnemyBolt.prefab using Guid(b0bc9d78c9e08c94d8733a86e4756f4e) Importer(815301076,1909f56bfc062723c751e8b465ee728b)  -> (artifact id: '88baa155d8a98ff82784496a9a4fb656') in 0.020641 seconds
  Import took 0.025323 seconds .

========================================================================
Received Import Request.
  Time since last request: 0.000220 seconds.
  path: Assets/Prefabs/Shooting Enemy.prefab
  artifactKey: Guid(ad3ad80523f1501409a7dcc41ea9ffe8) Importer(815301076,1909f56bfc062723c751e8b465ee728b)
Start importing Assets/Prefabs/Shooting Enemy.prefab using Guid(ad3ad80523f1501409a7dcc41ea9ffe8) Importer(815301076,1909f56bfc062723c751e8b465ee728b)  -> (artifact id: '6b1c9f261357b630f4e05deb52740410') in 0.023044 seconds
  Import took 0.027192 seconds .

========================================================================
Received Import Request.
  Time since last request: 0.000181 seconds.
  path: Assets/Prefabs/EnemyBolt.prefab
  artifactKey: Guid(b0bc9d78c9e08c94d8733a86e4756f4e) Importer(815301076,1909f56bfc062723c751e8b465ee728b)
Start importing Assets/Prefabs/EnemyBolt.prefab using Guid(b0bc9d78c9e08c94d8733a86e4756f4e) Importer(815301076,1909f56bfc062723c751e8b465ee728b)  -> (artifact id: '88baa155d8a98ff82784496a9a4fb656') in 0.013702 seconds
  Import took 0.019522 seconds .

========================================================================
Received Import Request.
  Time since last request: 0.000186 seconds.
  path: Assets/Prefabs/Ship.prefab
  artifactKey: Guid(117357d18f4fffa4892798150019728e) Importer(815301076,1909f56bfc062723c751e8b465ee728b)
Start importing Assets/Prefabs/Ship.prefab using Guid(117357d18f4fffa4892798150019728e) Importer(815301076,1909f56bfc062723c751e8b465ee728b)  -> (artifact id: '75d1b5129ee948a7e7057333c9e0a993') in 0.022353 seconds
  Import took 0.027562 seconds .

========================================================================
Received Import Request.
  Time since last request: 9.551631 seconds.
  path: Assets/Prefabs/Bolt.prefab
  artifactKey: Guid(0bb48533232a0c8418dddaa14d487153) Importer(815301076,1909f56bfc062723c751e8b465ee728b)
Start importing Assets/Prefabs/Bolt.prefab using Guid(0bb48533232a0c8418dddaa14d487153) Importer(815301076,1909f56bfc062723c751e8b465ee728b)  -> (artifact id: '31d681ac25b359b529b76beb78888954') in 0.012249 seconds
  Import took 0.016015 seconds .

========================================================================
Received Import Request.
  Time since last request: 1.588037 seconds.
  path: Assets/Prefabs/Bolt.prefab
  artifactKey: Guid(0bb48533232a0c8418dddaa14d487153) Importer(815301076,1909f56bfc062723c751e8b465ee728b)
Start importing Assets/Prefabs/Bolt.prefab using Guid(0bb48533232a0c8418dddaa14d487153) Importer(815301076,1909f56bfc062723c751e8b465ee728b)  -> (artifact id: '84d3020f06171f15faaacf5e673f3252') in 0.013215 seconds
  Import took 0.018066 seconds .

========================================================================
Received Import Request.
  Time since last request: 3.545872 seconds.
  path: Assets/Prefabs/EnemyBolt.prefab
  artifactKey: Guid(b0bc9d78c9e08c94d8733a86e4756f4e) Importer(815301076,1909f56bfc062723c751e8b465ee728b)
Start importing Assets/Prefabs/EnemyBolt.prefab using Guid(b0bc9d78c9e08c94d8733a86e4756f4e) Importer(815301076,1909f56bfc062723c751e8b465ee728b)  -> (artifact id: '22be1cdae620c275a5d778f864101f3d') in 0.012730 seconds
  Import took 0.016570 seconds .

========================================================================
Received Import Request.
  Time since last request: 4.109316 seconds.
  path: Assets/Prefabs/EnemyBolt.prefab
  artifactKey: Guid(b0bc9d78c9e08c94d8733a86e4756f4e) Importer(815301076,1909f56bfc062723c751e8b465ee728b)
Start importing Assets/Prefabs/EnemyBolt.prefab using Guid(b0bc9d78c9e08c94d8733a86e4756f4e) Importer(815301076,1909f56bfc062723c751e8b465ee728b)  -> (artifact id: 'f0286e791d3292815eb01e7e52f0cfd1') in 0.015461 seconds
  Import took 0.018975 seconds .

========================================================================
Received Import Request.
  Time since last request: 8.306622 seconds.
  path: Assets/Prefabs/Normal Enemy.prefab
  artifactKey: Guid(e47eac4f102c76f49a27cc5f5144edd1) Importer(815301076,1909f56bfc062723c751e8b465ee728b)
Start importing Assets/Prefabs/Normal Enemy.prefab using Guid(e47eac4f102c76f49a27cc5f5144edd1) Importer(815301076,1909f56bfc062723c751e8b465ee728b)  -> (artifact id: 'c02f47295a54bdeef77af0ec5d9443a4') in 0.014387 seconds
  Import took 0.018334 seconds .

========================================================================
Received Import Request.
  Time since last request: 3.817792 seconds.
  path: Assets/Prefabs/Normal Enemy.prefab
  artifactKey: Guid(e47eac4f102c76f49a27cc5f5144edd1) Importer(815301076,1909f56bfc062723c751e8b465ee728b)
Start importing Assets/Prefabs/Normal Enemy.prefab using Guid(e47eac4f102c76f49a27cc5f5144edd1) Importer(815301076,1909f56bfc062723c751e8b465ee728b)  -> (artifact id: '0aad82ab33127676f92ae85650b887c3') in 0.009674 seconds
  Import took 0.013618 seconds .

========================================================================
Received Import Request.
  Time since last request: 0.000233 seconds.
  path: Assets/Prefabs/Shooting Enemy.prefab
  artifactKey: Guid(ad3ad80523f1501409a7dcc41ea9ffe8) Importer(815301076,1909f56bfc062723c751e8b465ee728b)
Start importing Assets/Prefabs/Shooting Enemy.prefab using Guid(ad3ad80523f1501409a7dcc41ea9ffe8) Importer(815301076,1909f56bfc062723c751e8b465ee728b)  -> (artifact id: '41db7e8b5075dd3eceb955e2e77464b0') in 0.012296 seconds
  Import took 0.015506 seconds .

========================================================================
Received Import Request.
  Time since last request: 3.835472 seconds.
  path: Assets/Prefabs/Normal Enemy.prefab
  artifactKey: Guid(e47eac4f102c76f49a27cc5f5144edd1) Importer(815301076,1909f56bfc062723c751e8b465ee728b)
Start importing Assets/Prefabs/Normal Enemy.prefab using Guid(e47eac4f102c76f49a27cc5f5144edd1) Importer(815301076,1909f56bfc062723c751e8b465ee728b)  -> (artifact id: 'a58b32d1ec36c52a5505d70d88b6fc5c') in 0.012887 seconds
  Import took 0.016649 seconds .

========================================================================
Received Import Request.
  Time since last request: 0.000240 seconds.
  path: Assets/Prefabs/Shooting Enemy.prefab
  artifactKey: Guid(ad3ad80523f1501409a7dcc41ea9ffe8) Importer(815301076,1909f56bfc062723c751e8b465ee728b)
Start importing Assets/Prefabs/Shooting Enemy.prefab using Guid(ad3ad80523f1501409a7dcc41ea9ffe8) Importer(815301076,1909f56bfc062723c751e8b465ee728b)  -> (artifact id: 'b1c57ecde9b7f006d2adb4da8fb4607e') in 0.012377 seconds
  Import took 0.015832 seconds .

========================================================================
Received Import Request.
  Time since last request: 3.370354 seconds.
  path: Assets/Prefabs/Normal Enemy.prefab
  artifactKey: Guid(e47eac4f102c76f49a27cc5f5144edd1) Importer(815301076,1909f56bfc062723c751e8b465ee728b)
Start importing Assets/Prefabs/Normal Enemy.prefab using Guid(e47eac4f102c76f49a27cc5f5144edd1) Importer(815301076,1909f56bfc062723c751e8b465ee728b)  -> (artifact id: '116c96b94eec685f3e26eef4701b56e2') in 0.013729 seconds
  Import took 0.017428 seconds .

========================================================================
Received Import Request.
  Time since last request: 6.355060 seconds.
  path: Assets/Prefabs/Ship.prefab
  artifactKey: Guid(117357d18f4fffa4892798150019728e) Importer(815301076,1909f56bfc062723c751e8b465ee728b)
Start importing Assets/Prefabs/Ship.prefab using Guid(117357d18f4fffa4892798150019728e) Importer(815301076,1909f56bfc062723c751e8b465ee728b)  -> (artifact id: '629279f7874c3ff398300f87f1dae344') in 0.014011 seconds
  Import took 0.017656 seconds .

========================================================================
Received Import Request.
  Time since last request: 2.542854 seconds.
  path: Assets/Prefabs/Ship.prefab
  artifactKey: Guid(117357d18f4fffa4892798150019728e) Importer(815301076,1909f56bfc062723c751e8b465ee728b)
Start importing Assets/Prefabs/Ship.prefab using Guid(117357d18f4fffa4892798150019728e) Importer(815301076,1909f56bfc062723c751e8b465ee728b)  -> (artifact id: 'e8ac908d604192b7cf8140d59efb6199') in 0.015333 seconds
  Import took 0.018972 seconds .

========================================================================
Received Import Request.
  Time since last request: 66.934607 seconds.
  path: Assets/Scripts/EnemyMaster.cs
  artifactKey: Guid(13e569d33775ab9479c54dd852eaadaf) Importer(815301076,1909f56bfc062723c751e8b465ee728b)
Start importing Assets/Scripts/EnemyMaster.cs using Guid(13e569d33775ab9479c54dd852eaadaf) Importer(815301076,1909f56bfc062723c751e8b465ee728b)  -> (artifact id: '614697d7b5d4a09eeb75f700023df86e') in 0.007832 seconds
  Import took 0.011544 seconds .

========================================================================
Received Import Request.
  Time since last request: 273.266022 seconds.
  path: Assets/Scripts/EnemyMaster.cs
  artifactKey: Guid(13e569d33775ab9479c54dd852eaadaf) Importer(815301076,1909f56bfc062723c751e8b465ee728b)
Start importing Assets/Scripts/EnemyMaster.cs using Guid(13e569d33775ab9479c54dd852eaadaf) Importer(815301076,1909f56bfc062723c751e8b465ee728b)  -> (artifact id: 'b133426db91c82ff2ee3b8d5d3e263d8') in 0.004734 seconds
  Import took 0.008232 seconds .

========================================================================
Received Import Request.
  Time since last request: 0.128302 seconds.
  path: Assets/Scripts/EnemyMaster.cs
  artifactKey: Guid(13e569d33775ab9479c54dd852eaadaf) Importer(815301076,1909f56bfc062723c751e8b465ee728b)
Start importing Assets/Scripts/EnemyMaster.cs using Guid(13e569d33775ab9479c54dd852eaadaf) Importer(815301076,1909f56bfc062723c751e8b465ee728b)  -> (artifact id: 'b133426db91c82ff2ee3b8d5d3e263d8') in 0.003720 seconds
  Import took 0.007557 seconds .

========================================================================
Received Prepare
Registering precompiled user dll's ...
Registered in 0.000897 seconds.
Begin MonoManager ReloadAssembly
Native extension for WindowsStandalone target not found
Refreshing native plugins compatible for Editor in 0.55 ms, found 1 plugins.
Preloading 0 native plugins for Editor in 0.00 ms.
Invoked RoslynAnalysisRunner static constructor.
RoslynAnalysisRunner will not be running.
RoslynAnalysisRunner has terminated.
Mono: successfully reloaded assembly
- Completed reload, in  1.129 seconds
Platform modules already initialized, skipping
Switching build target platform(5) subTarget(0) extendedPlatform(0) -> platform(13) subTarget(537395200) extendedPlatform(0)
Refreshing native plugins compatible for Editor in 0.62 ms, found 1 plugins.
Preloading 0 native plugins for Editor in 0.00 ms.
Unloading 1876 Unused Serialized files (Serialized files now loaded: 0)
System memory in use before: 90.4 MB.
System memory in use after: 90.5 MB.

Unloading 21 unused Assets to reduce memory usage. Loaded Objects now: 2339.
Total: 2.398300 ms (FindLiveObjects: 0.189700 ms CreateObjectMapping: 0.071100 ms MarkObjects: 2.090500 ms  DeleteObjects: 0.046200 ms)

AssetImportParameters requested are different than current active one (requested -> active):
  custom:graphics/normal-map-encoding: 01000000000000000000000000000000 -> 02000000000000000000000000000000
========================================================================
Received Import Request.
  Time since last request: 34.189643 seconds.
  path: Assets/Scenes/Menu.unity
  artifactKey: Guid(13bdfb8b0078da943b3b6c4d3e139248) Importer(815301076,1909f56bfc062723c751e8b465ee728b)
Start importing Assets/Scenes/Menu.unity using Guid(13bdfb8b0078da943b3b6c4d3e139248) Importer(815301076,1909f56bfc062723c751e8b465ee728b)  -> (artifact id: '6d3bf590fd413ccbdf5508c6e59ad90a') in 0.023986 seconds
  Import took 0.028884 seconds .

========================================================================
Received Import Request.
  Time since last request: 5.215421 seconds.
  path: Assets/Scenes/MainScene.unity
  artifactKey: Guid(2cda990e2423bbf4892e6590ba056729) Importer(815301076,1909f56bfc062723c751e8b465ee728b)
Start importing Assets/Scenes/MainScene.unity using Guid(2cda990e2423bbf4892e6590ba056729) Importer(815301076,1909f56bfc062723c751e8b465ee728b)  -> (artifact id: 'eed9614161be370126c880ceb5ef5691') in 0.009596 seconds
  Import took 0.014205 seconds .

========================================================================
Received Prepare
Registering precompiled user dll's ...
Registered in 0.000755 seconds.
Begin MonoManager ReloadAssembly
Native extension for WindowsStandalone target not found
Refreshing native plugins compatible for Editor in 0.51 ms, found 1 plugins.
Preloading 0 native plugins for Editor in 0.00 ms.
Invoked RoslynAnalysisRunner static constructor.
RoslynAnalysisRunner will not be running.
RoslynAnalysisRunner has terminated.
Mono: successfully reloaded assembly
- Completed reload, in  1.012 seconds
Platform modules already initialized, skipping
Switching build target platform(5) subTarget(0) extendedPlatform(0) -> platform(13) subTarget(537395200) extendedPlatform(0)
Refreshing native plugins compatible for Editor in 0.50 ms, found 1 plugins.
Preloading 0 native plugins for Editor in 0.00 ms.
Unloading 1876 Unused Serialized files (Serialized files now loaded: 0)
System memory in use before: 90.5 MB.
System memory in use after: 90.6 MB.

Unloading 21 unused Assets to reduce memory usage. Loaded Objects now: 2341.
Total: 2.212200 ms (FindLiveObjects: 0.240700 ms CreateObjectMapping: 0.074500 ms MarkObjects: 1.848600 ms  DeleteObjects: 0.047400 ms)

AssetImportParameters requested are different than current active one (requested -> active):
  custom:graphics/normal-map-encoding: 01000000000000000000000000000000 -> 02000000000000000000000000000000
========================================================================
Received Prepare
Registering precompiled user dll's ...
Registered in 0.000967 seconds.
Begin MonoManager ReloadAssembly
Native extension for WindowsStandalone target not found
Refreshing native plugins compatible for Editor in 0.52 ms, found 1 plugins.
Preloading 0 native plugins for Editor in 0.00 ms.
Invoked RoslynAnalysisRunner static constructor.
RoslynAnalysisRunner will not be running.
RoslynAnalysisRunner has terminated.
Mono: successfully reloaded assembly
- Completed reload, in  1.048 seconds
Platform modules already initialized, skipping
Switching build target platform(5) subTarget(0) extendedPlatform(0) -> platform(13) subTarget(537395200) extendedPlatform(0)
Refreshing native plugins compatible for Editor in 0.50 ms, found 1 plugins.
Preloading 0 native plugins for Editor in 0.00 ms.
Unloading 1876 Unused Serialized files (Serialized files now loaded: 0)
System memory in use before: 90.5 MB.
System memory in use after: 90.6 MB.

Unloading 21 unused Assets to reduce memory usage. Loaded Objects now: 2343.
Total: 2.202900 ms (FindLiveObjects: 0.229400 ms CreateObjectMapping: 0.079900 ms MarkObjects: 1.841100 ms  DeleteObjects: 0.044800 ms)

AssetImportParameters requested are different than current active one (requested -> active):
  custom:graphics/normal-map-encoding: 01000000000000000000000000000000 -> 02000000000000000000000000000000
========================================================================
Received Prepare
Registering precompiled user dll's ...
Registered in 0.000726 seconds.
Begin MonoManager ReloadAssembly
Native extension for WindowsStandalone target not found
Refreshing native plugins compatible for Editor in 0.53 ms, found 1 plugins.
Preloading 0 native plugins for Editor in 0.00 ms.
Invoked RoslynAnalysisRunner static constructor.
RoslynAnalysisRunner will not be running.
RoslynAnalysisRunner has terminated.
Mono: successfully reloaded assembly
- Completed reload, in  1.081 seconds
Platform modules already initialized, skipping
Switching build target platform(5) subTarget(0) extendedPlatform(0) -> platform(13) subTarget(537395200) extendedPlatform(0)
Refreshing native plugins compatible for Editor in 0.51 ms, found 1 plugins.
Preloading 0 native plugins for Editor in 0.00 ms.
Unloading 1876 Unused Serialized files (Serialized files now loaded: 0)
System memory in use before: 90.5 MB.
System memory in use after: 90.6 MB.

Unloading 21 unused Assets to reduce memory usage. Loaded Objects now: 2345.
Total: 2.130600 ms (FindLiveObjects: 0.259200 ms CreateObjectMapping: 0.116000 ms MarkObjects: 1.725300 ms  DeleteObjects: 0.028900 ms)

AssetImportParameters requested are different than current active one (requested -> active):
  custom:graphics/normal-map-encoding: 01000000000000000000000000000000 -> 02000000000000000000000000000000
========================================================================
Received Prepare
Registering precompiled user dll's ...
Registered in 0.000817 seconds.
Begin MonoManager ReloadAssembly
Native extension for WindowsStandalone target not found
Refreshing native plugins compatible for Editor in 0.52 ms, found 1 plugins.
Preloading 0 native plugins for Editor in 0.00 ms.
Invoked RoslynAnalysisRunner static constructor.
RoslynAnalysisRunner will not be running.
RoslynAnalysisRunner has terminated.
Mono: successfully reloaded assembly
- Completed reload, in  1.201 seconds
Platform modules already initialized, skipping
Switching build target platform(5) subTarget(0) extendedPlatform(0) -> platform(13) subTarget(537395200) extendedPlatform(0)
Refreshing native plugins compatible for Editor in 0.51 ms, found 1 plugins.
Preloading 0 native plugins for Editor in 0.00 ms.
Unloading 1876 Unused Serialized files (Serialized files now loaded: 0)
System memory in use before: 90.5 MB.
System memory in use after: 90.6 MB.

Unloading 21 unused Assets to reduce memory usage. Loaded Objects now: 2347.
Total: 2.263300 ms (FindLiveObjects: 0.197900 ms CreateObjectMapping: 0.109700 ms MarkObjects: 1.926200 ms  DeleteObjects: 0.028100 ms)

AssetImportParameters requested are different than current active one (requested -> active):
  custom:graphics/normal-map-encoding: 01000000000000000000000000000000 -> 02000000000000000000000000000000
========================================================================
Received Prepare
Registering precompiled user dll's ...
Registered in 0.000760 seconds.
Begin MonoManager ReloadAssembly
Native extension for WindowsStandalone target not found
Refreshing native plugins compatible for Editor in 0.55 ms, found 1 plugins.
Preloading 0 native plugins for Editor in 0.00 ms.
Invoked RoslynAnalysisRunner static constructor.
RoslynAnalysisRunner will not be running.
RoslynAnalysisRunner has terminated.
Mono: successfully reloaded assembly
- Completed reload, in  1.030 seconds
Platform modules already initialized, skipping
Switching build target platform(5) subTarget(0) extendedPlatform(0) -> platform(13) subTarget(537395200) extendedPlatform(0)
Refreshing native plugins compatible for Editor in 0.49 ms, found 1 plugins.
Preloading 0 native plugins for Editor in 0.00 ms.
Unloading 1876 Unused Serialized files (Serialized files now loaded: 0)
System memory in use before: 90.5 MB.
System memory in use after: 90.7 MB.

Unloading 21 unused Assets to reduce memory usage. Loaded Objects now: 2349.
Total: 2.212600 ms (FindLiveObjects: 0.316700 ms CreateObjectMapping: 0.156200 ms MarkObjects: 1.690300 ms  DeleteObjects: 0.048400 ms)

AssetImportParameters requested are different than current active one (requested -> active):
  custom:graphics/normal-map-encoding: 01000000000000000000000000000000 -> 02000000000000000000000000000000
========================================================================
Received Prepare
Registering precompiled user dll's ...
Registered in 0.000744 seconds.
Begin MonoManager ReloadAssembly
Native extension for WindowsStandalone target not found
Refreshing native plugins compatible for Editor in 0.51 ms, found 1 plugins.
Preloading 0 native plugins for Editor in 0.00 ms.
Invoked RoslynAnalysisRunner static constructor.
RoslynAnalysisRunner will not be running.
RoslynAnalysisRunner has terminated.
Mono: successfully reloaded assembly
- Completed reload, in  1.057 seconds
Platform modules already initialized, skipping
Switching build target platform(5) subTarget(0) extendedPlatform(0) -> platform(13) subTarget(537395200) extendedPlatform(0)
Refreshing native plugins compatible for Editor in 0.50 ms, found 1 plugins.
Preloading 0 native plugins for Editor in 0.00 ms.
Unloading 1876 Unused Serialized files (Serialized files now loaded: 0)
System memory in use before: 90.5 MB.
System memory in use after: 90.7 MB.

Unloading 21 unused Assets to reduce memory usage. Loaded Objects now: 2351.
Total: 2.256500 ms (FindLiveObjects: 0.243000 ms CreateObjectMapping: 0.069600 ms MarkObjects: 1.900900 ms  DeleteObjects: 0.042000 ms)

AssetImportParameters requested are different than current active one (requested -> active):
  custom:graphics/normal-map-encoding: 01000000000000000000000000000000 -> 02000000000000000000000000000000
========================================================================
Received Prepare
Registering precompiled user dll's ...
Registered in 0.000883 seconds.
Begin MonoManager ReloadAssembly
Native extension for WindowsStandalone target not found
Refreshing native plugins compatible for Editor in 0.50 ms, found 1 plugins.
Preloading 0 native plugins for Editor in 0.00 ms.
Invoked RoslynAnalysisRunner static constructor.
RoslynAnalysisRunner will not be running.
RoslynAnalysisRunner has terminated.
Mono: successfully reloaded assembly
- Completed reload, in  1.048 seconds
Platform modules already initialized, skipping
Switching build target platform(5) subTarget(0) extendedPlatform(0) -> platform(13) subTarget(537395200) extendedPlatform(0)
Refreshing native plugins compatible for Editor in 0.54 ms, found 1 plugins.
Preloading 0 native plugins for Editor in 0.00 ms.
Unloading 1876 Unused Serialized files (Serialized files now loaded: 0)
System memory in use before: 90.6 MB.
System memory in use after: 90.7 MB.

Unloading 21 unused Assets to reduce memory usage. Loaded Objects now: 2353.
Total: 2.568000 ms (FindLiveObjects: 0.268700 ms CreateObjectMapping: 0.124800 ms MarkObjects: 2.129900 ms  DeleteObjects: 0.043000 ms)

AssetImportParameters requested are different than current active one (requested -> active):
  custom:graphics/normal-map-encoding: 01000000000000000000000000000000 -> 02000000000000000000000000000000
========================================================================
Received Prepare
Registering precompiled user dll's ...
Registered in 0.000760 seconds.
Begin MonoManager ReloadAssembly
Native extension for WindowsStandalone target not found
Refreshing native plugins compatible for Editor in 0.64 ms, found 1 plugins.
Preloading 0 native plugins for Editor in 0.00 ms.
Invoked RoslynAnalysisRunner static constructor.
RoslynAnalysisRunner will not be running.
RoslynAnalysisRunner has terminated.
Mono: successfully reloaded assembly
- Completed reload, in  1.033 seconds
Platform modules already initialized, skipping
Switching build target platform(5) subTarget(0) extendedPlatform(0) -> platform(13) subTarget(537395200) extendedPlatform(0)
Refreshing native plugins compatible for Editor in 0.85 ms, found 1 plugins.
Preloading 0 native plugins for Editor in 0.00 ms.
Unloading 1876 Unused Serialized files (Serialized files now loaded: 0)
System memory in use before: 90.6 MB.
System memory in use after: 90.7 MB.

Unloading 21 unused Assets to reduce memory usage. Loaded Objects now: 2355.
Total: 10.504700 ms (FindLiveObjects: 0.223800 ms CreateObjectMapping: 0.081100 ms MarkObjects: 10.172500 ms  DeleteObjects: 0.025100 ms)

AssetImportParameters requested are different than current active one (requested -> active):
  custom:graphics/normal-map-encoding: 01000000000000000000000000000000 -> 02000000000000000000000000000000
========================================================================
Received Prepare
Registering precompiled user dll's ...
Registered in 0.000766 seconds.
Begin MonoManager ReloadAssembly
Native extension for WindowsStandalone target not found
Refreshing native plugins compatible for Editor in 0.50 ms, found 1 plugins.
Preloading 0 native plugins for Editor in 0.00 ms.
Invoked RoslynAnalysisRunner static constructor.
RoslynAnalysisRunner will not be running.
RoslynAnalysisRunner has terminated.
Mono: successfully reloaded assembly
- Completed reload, in  1.103 seconds
Platform modules already initialized, skipping
Switching build target platform(5) subTarget(0) extendedPlatform(0) -> platform(13) subTarget(537395200) extendedPlatform(0)
Refreshing native plugins compatible for Editor in 0.50 ms, found 1 plugins.
Preloading 0 native plugins for Editor in 0.00 ms.
Unloading 1876 Unused Serialized files (Serialized files now loaded: 0)
System memory in use before: 90.6 MB.
System memory in use after: 90.7 MB.

Unloading 21 unused Assets to reduce memory usage. Loaded Objects now: 2357.
Total: 2.276500 ms (FindLiveObjects: 0.170900 ms CreateObjectMapping: 0.069300 ms MarkObjects: 1.988100 ms  DeleteObjects: 0.047400 ms)

AssetImportParameters requested are different than current active one (requested -> active):
  custom:graphics/normal-map-encoding: 01000000000000000000000000000000 -> 02000000000000000000000000000000
========================================================================
Received Prepare
Registering precompiled user dll's ...
Registered in 0.000779 seconds.
Begin MonoManager ReloadAssembly
Native extension for WindowsStandalone target not found
Refreshing native plugins compatible for Editor in 0.49 ms, found 1 plugins.
Preloading 0 native plugins for Editor in 0.00 ms.
Invoked RoslynAnalysisRunner static constructor.
RoslynAnalysisRunner will not be running.
RoslynAnalysisRunner has terminated.
Mono: successfully reloaded assembly
- Completed reload, in  1.052 seconds
Platform modules already initialized, skipping
Switching build target platform(5) subTarget(0) extendedPlatform(0) -> platform(13) subTarget(537395200) extendedPlatform(0)
Refreshing native plugins compatible for Editor in 0.80 ms, found 1 plugins.
Preloading 0 native plugins for Editor in 0.00 ms.
Unloading 1876 Unused Serialized files (Serialized files now loaded: 0)
System memory in use before: 90.6 MB.
System memory in use after: 90.7 MB.

Unloading 21 unused Assets to reduce memory usage. Loaded Objects now: 2359.
Total: 2.347900 ms (FindLiveObjects: 0.256300 ms CreateObjectMapping: 0.078700 ms MarkObjects: 1.984100 ms  DeleteObjects: 0.027700 ms)

AssetImportParameters requested are different than current active one (requested -> active):
  custom:graphics/normal-map-encoding: 01000000000000000000000000000000 -> 02000000000000000000000000000000
========================================================================
Received Prepare
Registering precompiled user dll's ...
Registered in 0.000784 seconds.
Begin MonoManager ReloadAssembly
Native extension for WindowsStandalone target not found
Refreshing native plugins compatible for Editor in 0.58 ms, found 1 plugins.
Preloading 0 native plugins for Editor in 0.00 ms.
Invoked RoslynAnalysisRunner static constructor.
RoslynAnalysisRunner will not be running.
RoslynAnalysisRunner has terminated.
Mono: successfully reloaded assembly
- Completed reload, in  1.083 seconds
Platform modules already initialized, skipping
Switching build target platform(5) subTarget(0) extendedPlatform(0) -> platform(13) subTarget(537395200) extendedPlatform(0)
Refreshing native plugins compatible for Editor in 0.50 ms, found 1 plugins.
Preloading 0 native plugins for Editor in 0.00 ms.
Unloading 1876 Unused Serialized files (Serialized files now loaded: 0)
System memory in use before: 90.6 MB.
System memory in use after: 90.7 MB.

Unloading 21 unused Assets to reduce memory usage. Loaded Objects now: 2361.
Total: 2.838200 ms (FindLiveObjects: 0.280500 ms CreateObjectMapping: 0.144600 ms MarkObjects: 2.347500 ms  DeleteObjects: 0.064300 ms)

AssetImportParameters requested are different than current active one (requested -> active):
  custom:graphics/normal-map-encoding: 01000000000000000000000000000000 -> 02000000000000000000000000000000
========================================================================
Received Prepare
Registering precompiled user dll's ...
Registered in 0.000794 seconds.
Begin MonoManager ReloadAssembly
Native extension for WindowsStandalone target not found
Refreshing native plugins compatible for Editor in 0.53 ms, found 1 plugins.
Preloading 0 native plugins for Editor in 0.00 ms.
Invoked RoslynAnalysisRunner static constructor.
RoslynAnalysisRunner will not be running.
RoslynAnalysisRunner has terminated.
Mono: successfully reloaded assembly
- Completed reload, in  1.079 seconds
Platform modules already initialized, skipping
Switching build target platform(5) subTarget(0) extendedPlatform(0) -> platform(13) subTarget(537395200) extendedPlatform(0)
Refreshing native plugins compatible for Editor in 0.50 ms, found 1 plugins.
Preloading 0 native plugins for Editor in 0.00 ms.
Unloading 1876 Unused Serialized files (Serialized files now loaded: 0)
System memory in use before: 90.6 MB.
System memory in use after: 90.7 MB.

Unloading 21 unused Assets to reduce memory usage. Loaded Objects now: 2363.
Total: 2.236000 ms (FindLiveObjects: 0.295400 ms CreateObjectMapping: 0.071700 ms MarkObjects: 1.819100 ms  DeleteObjects: 0.048600 ms)

AssetImportParameters requested are different than current active one (requested -> active):
  custom:graphics/normal-map-encoding: 01000000000000000000000000000000 -> 02000000000000000000000000000000
========================================================================
Received Prepare
Registering precompiled user dll's ...
Registered in 0.001210 seconds.
Begin MonoManager ReloadAssembly
Native extension for WindowsStandalone target not found
Refreshing native plugins compatible for Editor in 0.50 ms, found 1 plugins.
Preloading 0 native plugins for Editor in 0.00 ms.
Invoked RoslynAnalysisRunner static constructor.
RoslynAnalysisRunner will not be running.
RoslynAnalysisRunner has terminated.
Mono: successfully reloaded assembly
- Completed reload, in  1.110 seconds
Platform modules already initialized, skipping
Switching build target platform(5) subTarget(0) extendedPlatform(0) -> platform(13) subTarget(537395200) extendedPlatform(0)
Refreshing native plugins compatible for Editor in 0.51 ms, found 1 plugins.
Preloading 0 native plugins for Editor in 0.00 ms.
Unloading 1876 Unused Serialized files (Serialized files now loaded: 0)
System memory in use before: 90.6 MB.
System memory in use after: 90.7 MB.

Unloading 21 unused Assets to reduce memory usage. Loaded Objects now: 2365.
Total: 3.089000 ms (FindLiveObjects: 0.246600 ms CreateObjectMapping: 0.176500 ms MarkObjects: 2.633300 ms  DeleteObjects: 0.031000 ms)

AssetImportParameters requested are different than current active one (requested -> active):
  custom:graphics/normal-map-encoding: 01000000000000000000000000000000 -> 02000000000000000000000000000000
========================================================================
Received Import Request.
  Time since last request: 1408.918103 seconds.
  path: Assets/Scripts
  artifactKey: Guid(18dde3c166a5b274a9cde9d992742658) Importer(815301076,1909f56bfc062723c751e8b465ee728b)
Start importing Assets/Scripts using Guid(18dde3c166a5b274a9cde9d992742658) Importer(815301076,1909f56bfc062723c751e8b465ee728b)  -> (artifact id: '6a317a00ade6448b55551e52437929a9') in 0.010572 seconds
  Import took 0.014305 seconds .

========================================================================
Received Import Request.
  Time since last request: 0.008443 seconds.
  path: Assets/Scripts
  artifactKey: Guid(18dde3c166a5b274a9cde9d992742658) Importer(815301076,1909f56bfc062723c751e8b465ee728b)
Start importing Assets/Scripts using Guid(18dde3c166a5b274a9cde9d992742658) Importer(815301076,1909f56bfc062723c751e8b465ee728b)  -> (artifact id: '6a317a00ade6448b55551e52437929a9') in 0.002887 seconds
  Import took 0.007282 seconds .

AssetImportWorkerClient::OnTransportError - code=2 error=End of file
